<?xml version="1.0" encoding="UTF-8"?>
<coverage generated="1638813386809" clover="3.2.0">
  <project timestamp="1638813386810" name="All files">
    <metrics statements="65" coveredstatements="37" conditionals="20" coveredconditionals="13" methods="14" coveredmethods="5" elements="99" coveredelements="55" complexity="0" loc="65" ncloc="65" packages="3" files="3" classes="3"/>
    <package name="database">
      <metrics statements="4" coveredstatements="4" conditionals="2" coveredconditionals="1" methods="0" coveredmethods="0"/>
      <file name="database.js" path="/home/leodias/Documentos/VSCode Projects/projeto_16_sing_me_a_song/src/database/database.js">
        <metrics statements="4" coveredstatements="4" conditionals="2" coveredconditionals="1" methods="0" coveredmethods="0"/>
        <line num="4" count="1" type="stmt"/>
        <line num="13" count="1" type="stmt"/>
        <line num="15" count="1" type="cond" truecount="1" falsecount="1"/>
        <line num="28" count="1" type="stmt"/>
      </file>
    </package>
    <package name="repositories">
      <metrics statements="37" coveredstatements="9" conditionals="6" coveredconditionals="0" methods="9" coveredmethods="0"/>
      <file name="recommendationRepository.js" path="/home/leodias/Documentos/VSCode Projects/projeto_16_sing_me_a_song/src/repositories/recommendationRepository.js">
        <metrics statements="37" coveredstatements="9" conditionals="6" coveredconditionals="0" methods="9" coveredmethods="0"/>
        <line num="4" count="1" type="stmt"/>
        <line num="5" count="0" type="stmt"/>
        <line num="7" count="0" type="stmt"/>
        <line num="14" count="0" type="stmt"/>
        <line num="16" count="0" type="stmt"/>
        <line num="19" count="1" type="stmt"/>
        <line num="21" count="0" type="stmt"/>
        <line num="25" count="0" type="stmt"/>
        <line num="27" count="0" type="stmt"/>
        <line num="30" count="1" type="stmt"/>
        <line num="31" count="0" type="stmt"/>
        <line num="35" count="0" type="stmt"/>
        <line num="38" count="1" type="stmt"/>
        <line num="39" count="0" type="stmt"/>
        <line num="43" count="0" type="stmt"/>
        <line num="46" count="1" type="stmt"/>
        <line num="47" count="0" type="stmt"/>
        <line num="51" count="0" type="stmt"/>
        <line num="54" count="1" type="stmt"/>
        <line num="55" count="0" type="stmt"/>
        <line num="59" count="0" type="stmt"/>
        <line num="61" count="0" type="stmt"/>
        <line num="64" count="1" type="stmt"/>
        <line num="66" count="0" type="stmt"/>
        <line num="70" count="0" type="stmt"/>
        <line num="72" count="0" type="cond" truecount="0" falsecount="2"/>
        <line num="73" count="0" type="stmt"/>
        <line num="76" count="1" type="stmt"/>
        <line num="78" count="0" type="stmt"/>
        <line num="82" count="0" type="stmt"/>
        <line num="84" count="0" type="cond" truecount="0" falsecount="2"/>
        <line num="85" count="0" type="stmt"/>
        <line num="88" count="1" type="stmt"/>
        <line num="90" count="0" type="stmt"/>
        <line num="94" count="0" type="stmt"/>
        <line num="96" count="0" type="cond" truecount="0" falsecount="2"/>
        <line num="97" count="0" type="stmt"/>
      </file>
    </package>
    <package name="services">
      <metrics statements="24" coveredstatements="24" conditionals="12" coveredconditionals="12" methods="5" coveredmethods="5"/>
      <file name="recommendationService.js" path="/home/leodias/Documentos/VSCode Projects/projeto_16_sing_me_a_song/src/services/recommendationService.js">
        <metrics statements="24" coveredstatements="24" conditionals="12" coveredconditionals="12" methods="5" coveredmethods="5"/>
        <line num="4" count="1" type="stmt"/>
        <line num="5" count="1" type="stmt"/>
        <line num="8" count="1" type="stmt"/>
        <line num="10" count="2" type="stmt"/>
        <line num="12" count="2" type="cond" truecount="2" falsecount="0"/>
        <line num="14" count="1" type="stmt"/>
        <line num="15" count="1" type="stmt"/>
        <line num="18" count="1" type="stmt"/>
        <line num="20" count="3" type="stmt"/>
        <line num="22" count="3" type="cond" truecount="2" falsecount="0"/>
        <line num="24" count="2" type="cond" truecount="2" falsecount="0"/>
        <line num="25" count="1" type="stmt"/>
        <line num="27" count="1" type="stmt"/>
        <line num="30" count="2" type="stmt"/>
        <line num="33" count="1" type="stmt"/>
        <line num="34" count="1" type="stmt"/>
        <line num="37" count="1" type="stmt"/>
        <line num="38" count="4" type="stmt"/>
        <line num="39" count="4" type="cond" truecount="2" falsecount="0"/>
        <line num="40" count="2" type="stmt"/>
        <line num="41" count="2" type="cond" truecount="2" falsecount="0"/>
        <line num="43" count="2" type="stmt"/>
        <line num="44" count="2" type="cond" truecount="2" falsecount="0"/>
        <line num="47" count="2" type="stmt"/>
      </file>
    </package>
  </project>
</coverage>
