TN:
SF:src/database/database.js
FNF:0
FNH:0
DA:4,1
DA:13,1
DA:15,1
DA:28,1
LF:4
LH:4
BRDA:15,0,0,0
BRDA:15,0,1,1
BRF:2
BRH:1
end_of_record
TN:
SF:src/repositories/recommendationRepository.js
FN:4,(anonymous_0)
FN:19,(anonymous_1)
FN:30,(anonymous_2)
FN:38,(anonymous_3)
FN:46,(anonymous_4)
FN:54,(anonymous_5)
FN:64,(anonymous_6)
FN:76,(anonymous_7)
FN:88,(anonymous_8)
FNF:9
FNH:0
FNDA:0,(anonymous_0)
FNDA:0,(anonymous_1)
FNDA:0,(anonymous_2)
FNDA:0,(anonymous_3)
FNDA:0,(anonymous_4)
FNDA:0,(anonymous_5)
FNDA:0,(anonymous_6)
FNDA:0,(anonymous_7)
FNDA:0,(anonymous_8)
DA:4,1
DA:5,0
DA:7,0
DA:14,0
DA:16,0
DA:19,1
DA:21,0
DA:25,0
DA:27,0
DA:30,1
DA:31,0
DA:35,0
DA:38,1
DA:39,0
DA:43,0
DA:46,1
DA:47,0
DA:51,0
DA:54,1
DA:55,0
DA:59,0
DA:61,0
DA:64,1
DA:66,0
DA:70,0
DA:72,0
DA:73,0
DA:76,1
DA:78,0
DA:82,0
DA:84,0
DA:85,0
DA:88,1
DA:90,0
DA:94,0
DA:96,0
DA:97,0
LF:37
LH:9
BRDA:72,0,0,0
BRDA:72,0,1,0
BRDA:84,1,0,0
BRDA:84,1,1,0
BRDA:96,2,0,0
BRDA:96,2,1,0
BRF:6
BRH:0
end_of_record
TN:
SF:src/services/recommendationService.js
FN:4,(anonymous_0)
FN:8,(anonymous_1)
FN:18,(anonymous_2)
FN:33,(anonymous_3)
FN:37,(anonymous_4)
FNF:5
FNH:5
FNDA:1,(anonymous_0)
FNDA:2,(anonymous_1)
FNDA:3,(anonymous_2)
FNDA:1,(anonymous_3)
FNDA:4,(anonymous_4)
DA:4,1
DA:5,1
DA:8,1
DA:10,2
DA:12,2
DA:14,1
DA:15,1
DA:18,1
DA:20,3
DA:22,3
DA:24,2
DA:25,1
DA:27,1
DA:30,2
DA:33,1
DA:34,1
DA:37,1
DA:38,4
DA:39,4
DA:40,2
DA:41,2
DA:43,2
DA:44,2
DA:47,2
LF:24
LH:24
BRDA:12,0,0,1
BRDA:12,0,1,1
BRDA:22,1,0,1
BRDA:22,1,1,2
BRDA:24,2,0,1
BRDA:24,2,1,1
BRDA:39,3,0,2
BRDA:39,3,1,2
BRDA:41,4,0,1
BRDA:41,4,1,1
BRDA:44,5,0,1
BRDA:44,5,1,1
BRF:12
BRH:12
end_of_record
